2022/02/23 05:27:42 [emerg] 1#1: unexpected end of file, expecting ";" or "}" in /etc/nginx/conf.d/wordpress.conf:25
2022/02/23 05:27:42 [emerg] 1#1: unexpected end of file, expecting ";" or "}" in /etc/nginx/conf.d/wordpress.conf:25
2022/02/23 05:27:43 [emerg] 1#1: unexpected end of file, expecting ";" or "}" in /etc/nginx/conf.d/wordpress.conf:25
2022/02/23 05:27:43 [emerg] 1#1: unexpected end of file, expecting ";" or "}" in /etc/nginx/conf.d/wordpress.conf:25
2022/02/23 05:27:44 [emerg] 1#1: unexpected end of file, expecting ";" or "}" in /etc/nginx/conf.d/wordpress.conf:25
2022/02/23 05:27:46 [emerg] 1#1: unexpected end of file, expecting ";" or "}" in /etc/nginx/conf.d/wordpress.conf:25
2022/02/23 05:27:50 [emerg] 1#1: unexpected end of file, expecting ";" or "}" in /etc/nginx/conf.d/wordpress.conf:25
2022/02/23 05:27:57 [emerg] 1#1: unexpected end of file, expecting ";" or "}" in /etc/nginx/conf.d/wordpress.conf:25
2022/02/23 05:28:10 [emerg] 1#1: unexpected end of file, expecting ";" or "}" in /etc/nginx/conf.d/wordpress.conf:25
2022/02/23 05:28:36 [emerg] 1#1: unexpected end of file, expecting ";" or "}" in /etc/nginx/conf.d/wordpress.conf:25
2022/02/23 05:29:27 [emerg] 1#1: unexpected end of file, expecting ";" or "}" in /etc/nginx/conf.d/nginx.conf:25
2022/02/23 05:30:28 [emerg] 1#1: unexpected end of file, expecting ";" or "}" in /etc/nginx/conf.d/nginx.conf:25
2022/02/23 05:31:28 [emerg] 1#1: unexpected end of file, expecting ";" or "}" in /etc/nginx/conf.d/nginx.conf:25
2022/02/23 05:32:28 [emerg] 1#1: unexpected end of file, expecting ";" or "}" in /etc/nginx/conf.d/nginx.conf:25
2022/02/23 05:33:29 [emerg] 1#1: unexpected end of file, expecting ";" or "}" in /etc/nginx/conf.d/nginx.conf:25
2022/02/23 05:34:29 [emerg] 1#1: unexpected end of file, expecting ";" or "}" in /etc/nginx/conf.d/nginx.conf:25
2022/02/23 05:35:17 [emerg] 1#1: unexpected end of file, expecting ";" or "}" in /etc/nginx/conf.d/nginx.conf:25
2022/02/23 05:35:17 [emerg] 1#1: unexpected end of file, expecting ";" or "}" in /etc/nginx/conf.d/nginx.conf:25
2022/02/23 05:35:18 [emerg] 1#1: unexpected end of file, expecting ";" or "}" in /etc/nginx/conf.d/nginx.conf:25
2022/02/23 05:35:18 [emerg] 1#1: unexpected end of file, expecting ";" or "}" in /etc/nginx/conf.d/nginx.conf:25
2022/02/23 05:35:20 [emerg] 1#1: unexpected end of file, expecting ";" or "}" in /etc/nginx/conf.d/nginx.conf:25
2022/02/23 05:35:21 [emerg] 1#1: unexpected end of file, expecting ";" or "}" in /etc/nginx/conf.d/nginx.conf:25
2022/02/23 05:35:25 [emerg] 1#1: unexpected end of file, expecting ";" or "}" in /etc/nginx/conf.d/nginx.conf:25
2022/02/23 05:35:32 [emerg] 1#1: unexpected end of file, expecting ";" or "}" in /etc/nginx/conf.d/nginx.conf:25
2022/02/23 05:35:45 [emerg] 1#1: unexpected end of file, expecting ";" or "}" in /etc/nginx/conf.d/nginx.conf:25
2022/02/23 05:36:11 [emerg] 1#1: unexpected end of file, expecting ";" or "}" in /etc/nginx/conf.d/nginx.conf:25
2022/02/23 05:37:02 [emerg] 1#1: unexpected end of file, expecting ";" or "}" in /etc/nginx/conf.d/nginx.conf:25
2022/02/23 05:38:03 [emerg] 1#1: unexpected end of file, expecting ";" or "}" in /etc/nginx/conf.d/nginx.conf:25
2022/02/23 05:39:03 [emerg] 1#1: unexpected end of file, expecting ";" or "}" in /etc/nginx/conf.d/nginx.conf:25
2022/02/23 05:40:04 [emerg] 1#1: unexpected end of file, expecting ";" or "}" in /etc/nginx/conf.d/nginx.conf:25
2022/02/23 05:41:04 [emerg] 1#1: unexpected end of file, expecting ";" or "}" in /etc/nginx/conf.d/nginx.conf:25
2022/02/23 05:42:04 [emerg] 1#1: unexpected end of file, expecting ";" or "}" in /etc/nginx/conf.d/nginx.conf:25
2022/02/23 05:43:05 [emerg] 1#1: unexpected end of file, expecting ";" or "}" in /etc/nginx/conf.d/nginx.conf:25
2022/02/23 05:44:05 [emerg] 1#1: unexpected end of file, expecting ";" or "}" in /etc/nginx/conf.d/nginx.conf:25
2022/02/23 05:45:05 [emerg] 1#1: unexpected end of file, expecting ";" or "}" in /etc/nginx/conf.d/nginx.conf:25
2022/02/23 05:46:06 [emerg] 1#1: unexpected end of file, expecting ";" or "}" in /etc/nginx/conf.d/nginx.conf:25
2022/02/23 05:47:06 [emerg] 1#1: unexpected end of file, expecting ";" or "}" in /etc/nginx/conf.d/nginx.conf:25
2022/02/23 05:48:06 [emerg] 1#1: unexpected end of file, expecting ";" or "}" in /etc/nginx/conf.d/nginx.conf:25
2022/02/23 05:48:42 [emerg] 1#1: unexpected end of file, expecting ";" or "}" in /etc/nginx/conf.d/nginx.conf:25
2022/02/23 05:48:42 [emerg] 1#1: unexpected end of file, expecting ";" or "}" in /etc/nginx/conf.d/nginx.conf:25
2022/02/23 05:48:43 [emerg] 1#1: unexpected end of file, expecting ";" or "}" in /etc/nginx/conf.d/nginx.conf:25
2022/02/23 05:48:44 [emerg] 1#1: unexpected end of file, expecting ";" or "}" in /etc/nginx/conf.d/nginx.conf:25
2022/02/23 05:48:45 [emerg] 1#1: unexpected end of file, expecting ";" or "}" in /etc/nginx/conf.d/nginx.conf:25
2022/02/23 05:48:47 [emerg] 1#1: unexpected end of file, expecting ";" or "}" in /etc/nginx/conf.d/nginx.conf:25
2022/02/23 05:48:50 [emerg] 1#1: unexpected end of file, expecting ";" or "}" in /etc/nginx/conf.d/nginx.conf:25
2022/02/23 05:48:57 [emerg] 1#1: unexpected end of file, expecting ";" or "}" in /etc/nginx/conf.d/nginx.conf:25
2022/02/23 05:49:10 [emerg] 1#1: unexpected end of file, expecting ";" or "}" in /etc/nginx/conf.d/nginx.conf:25
2022/02/23 05:49:36 [emerg] 1#1: unexpected end of file, expecting ";" or "}" in /etc/nginx/conf.d/nginx.conf:25
2022/02/23 05:50:28 [emerg] 1#1: unexpected end of file, expecting ";" or "}" in /etc/nginx/conf.d/nginx.conf:25
2022/02/23 05:51:28 [emerg] 1#1: unexpected end of file, expecting ";" or "}" in /etc/nginx/conf.d/nginx.conf:25
2022/02/23 05:52:28 [emerg] 1#1: unexpected end of file, expecting ";" or "}" in /etc/nginx/conf.d/nginx.conf:25
2022/02/23 05:53:29 [emerg] 1#1: unexpected end of file, expecting ";" or "}" in /etc/nginx/conf.d/nginx.conf:25
2022/02/23 05:54:29 [emerg] 1#1: unexpected end of file, expecting ";" or "}" in /etc/nginx/conf.d/nginx.conf:25
2022/02/23 13:36:39 [notice] 1#1: using the "epoll" event method
2022/02/23 13:36:39 [notice] 1#1: nginx/1.21.6
2022/02/23 13:36:39 [notice] 1#1: built by gcc 10.2.1 20210110 (Debian 10.2.1-6) 
2022/02/23 13:36:39 [notice] 1#1: OS: Linux 5.11.0-46-generic
2022/02/23 13:36:39 [notice] 1#1: getrlimit(RLIMIT_NOFILE): 1048576:1048576
2022/02/23 13:36:39 [notice] 1#1: start worker processes
2022/02/23 13:36:39 [notice] 1#1: start worker process 22
2022/02/23 13:36:39 [notice] 1#1: start worker process 23
2022/02/23 13:36:39 [notice] 1#1: start worker process 24
2022/02/23 13:36:39 [notice] 1#1: start worker process 25
2022/02/23 13:36:39 [notice] 1#1: start worker process 26
2022/02/23 13:36:39 [notice] 1#1: start worker process 27
2022/02/23 13:36:39 [notice] 1#1: start worker process 28
2022/02/23 13:36:39 [notice] 1#1: start worker process 29
2022/02/23 18:07:27 [notice] 1#1: using the "epoll" event method
2022/02/23 18:07:27 [notice] 1#1: nginx/1.21.6
2022/02/23 18:07:27 [notice] 1#1: built by gcc 10.2.1 20210110 (Debian 10.2.1-6) 
2022/02/23 18:07:27 [notice] 1#1: OS: Linux 5.11.0-46-generic
2022/02/23 18:07:27 [notice] 1#1: getrlimit(RLIMIT_NOFILE): 1048576:1048576
2022/02/23 18:07:27 [notice] 1#1: start worker processes
2022/02/23 18:07:27 [notice] 1#1: start worker process 22
2022/02/23 18:07:27 [notice] 1#1: start worker process 23
2022/02/23 18:07:27 [notice] 1#1: start worker process 24
2022/02/23 18:07:27 [notice] 1#1: start worker process 25
2022/02/23 18:07:27 [notice] 1#1: start worker process 26
2022/02/23 18:07:27 [notice] 1#1: start worker process 27
2022/02/23 18:07:27 [notice] 1#1: start worker process 28
2022/02/23 18:07:27 [notice] 1#1: start worker process 29
2022/02/23 18:35:21 [notice] 1#1: signal 3 (SIGQUIT) received, shutting down
2022/02/23 18:35:21 [notice] 27#27: gracefully shutting down
2022/02/23 18:35:21 [notice] 28#28: gracefully shutting down
2022/02/23 18:35:21 [notice] 27#27: exiting
2022/02/23 18:35:21 [notice] 28#28: exiting
2022/02/23 18:35:21 [notice] 27#27: exit
2022/02/23 18:35:21 [notice] 28#28: exit
2022/02/23 18:35:21 [notice] 26#26: gracefully shutting down
2022/02/23 18:35:21 [notice] 26#26: exiting
2022/02/23 18:35:21 [notice] 26#26: exit
2022/02/23 18:35:21 [notice] 25#25: gracefully shutting down
2022/02/23 18:35:21 [notice] 25#25: exiting
2022/02/23 18:35:21 [notice] 25#25: exit
2022/02/23 18:35:21 [notice] 22#22: gracefully shutting down
2022/02/23 18:35:21 [notice] 22#22: exiting
2022/02/23 18:35:21 [notice] 22#22: exit
2022/02/23 18:35:21 [notice] 23#23: gracefully shutting down
2022/02/23 18:35:21 [notice] 23#23: exiting
2022/02/23 18:35:21 [notice] 23#23: exit
2022/02/23 18:35:21 [notice] 24#24: gracefully shutting down
2022/02/23 18:35:21 [notice] 24#24: exiting
2022/02/23 18:35:21 [notice] 24#24: exit
2022/02/23 18:35:21 [notice] 29#29: gracefully shutting down
2022/02/23 18:35:21 [notice] 29#29: exiting
2022/02/23 18:35:21 [notice] 29#29: exit
2022/02/23 18:35:21 [notice] 1#1: signal 17 (SIGCHLD) received from 22
2022/02/23 18:35:21 [notice] 1#1: worker process 22 exited with code 0
2022/02/23 18:35:21 [notice] 1#1: signal 29 (SIGIO) received
2022/02/23 18:35:21 [notice] 1#1: signal 17 (SIGCHLD) received from 29
2022/02/23 18:35:21 [notice] 1#1: worker process 26 exited with code 0
2022/02/23 18:35:21 [notice] 1#1: worker process 23 exited with code 0
2022/02/23 18:35:21 [notice] 1#1: worker process 24 exited with code 0
2022/02/23 18:35:21 [notice] 1#1: worker process 25 exited with code 0
2022/02/23 18:35:21 [notice] 1#1: worker process 28 exited with code 0
2022/02/23 18:35:21 [notice] 1#1: worker process 29 exited with code 0
2022/02/23 18:35:21 [notice] 1#1: signal 29 (SIGIO) received
2022/02/23 18:35:21 [notice] 1#1: signal 17 (SIGCHLD) received from 26
2022/02/23 18:35:21 [notice] 1#1: signal 17 (SIGCHLD) received from 27
2022/02/23 18:35:21 [notice] 1#1: worker process 27 exited with code 0
2022/02/23 18:35:21 [notice] 1#1: exit
2022/02/23 18:35:22 [notice] 1#1: using the "epoll" event method
2022/02/23 18:35:22 [notice] 1#1: nginx/1.21.6
2022/02/23 18:35:22 [notice] 1#1: built by gcc 10.2.1 20210110 (Debian 10.2.1-6) 
2022/02/23 18:35:22 [notice] 1#1: OS: Linux 5.11.0-46-generic
2022/02/23 18:35:22 [notice] 1#1: getrlimit(RLIMIT_NOFILE): 1048576:1048576
2022/02/23 18:35:22 [notice] 1#1: start worker processes
2022/02/23 18:35:22 [notice] 1#1: start worker process 21
2022/02/23 18:35:22 [notice] 1#1: start worker process 22
2022/02/23 18:35:22 [notice] 1#1: start worker process 23
2022/02/23 18:35:22 [notice] 1#1: start worker process 24
2022/02/23 18:35:22 [notice] 1#1: start worker process 25
2022/02/23 18:35:22 [notice] 1#1: start worker process 26
2022/02/23 18:35:22 [notice] 1#1: start worker process 27
2022/02/23 18:35:22 [notice] 1#1: start worker process 28
2022/02/23 18:43:30 [notice] 1#1: signal 3 (SIGQUIT) received, shutting down
2022/02/23 18:43:30 [notice] 27#27: gracefully shutting down
2022/02/23 18:43:30 [notice] 24#24: gracefully shutting down
2022/02/23 18:43:30 [notice] 28#28: gracefully shutting down
2022/02/23 18:43:30 [notice] 23#23: gracefully shutting down
2022/02/23 18:43:30 [notice] 22#22: gracefully shutting down
2022/02/23 18:43:30 [notice] 27#27: exiting
2022/02/23 18:43:30 [notice] 24#24: exiting
2022/02/23 18:43:30 [notice] 28#28: exiting
2022/02/23 18:43:30 [notice] 23#23: exiting
2022/02/23 18:43:30 [notice] 22#22: exiting
2022/02/23 18:43:30 [notice] 27#27: exit
2022/02/23 18:43:30 [notice] 24#24: exit
2022/02/23 18:43:30 [notice] 23#23: exit
2022/02/23 18:43:30 [notice] 28#28: exit
2022/02/23 18:43:30 [notice] 22#22: exit
2022/02/23 18:43:30 [notice] 21#21: gracefully shutting down
2022/02/23 18:43:30 [notice] 25#25: gracefully shutting down
2022/02/23 18:43:30 [notice] 26#26: gracefully shutting down
2022/02/23 18:43:30 [notice] 21#21: exiting
2022/02/23 18:43:30 [notice] 25#25: exiting
2022/02/23 18:43:30 [notice] 26#26: exiting
2022/02/23 18:43:30 [notice] 21#21: exit
2022/02/23 18:43:30 [notice] 25#25: exit
2022/02/23 18:43:30 [notice] 26#26: exit
2022/02/23 18:43:30 [notice] 1#1: signal 17 (SIGCHLD) received from 22
2022/02/23 18:43:30 [notice] 1#1: worker process 22 exited with code 0
2022/02/23 18:43:30 [notice] 1#1: worker process 27 exited with code 0
2022/02/23 18:43:30 [notice] 1#1: worker process 21 exited with code 0
2022/02/23 18:43:30 [notice] 1#1: signal 29 (SIGIO) received
2022/02/23 18:43:30 [notice] 1#1: signal 17 (SIGCHLD) received from 27
2022/02/23 18:43:30 [notice] 1#1: signal 17 (SIGCHLD) received from 28
2022/02/23 18:43:30 [notice] 1#1: worker process 26 exited with code 0
2022/02/23 18:43:30 [notice] 1#1: worker process 28 exited with code 0
2022/02/23 18:43:30 [notice] 1#1: signal 29 (SIGIO) received
2022/02/23 18:43:30 [notice] 1#1: signal 17 (SIGCHLD) received from 24
2022/02/23 18:43:30 [notice] 1#1: worker process 24 exited with code 0
2022/02/23 18:43:30 [notice] 1#1: worker process 25 exited with code 0
2022/02/23 18:43:30 [notice] 1#1: signal 17 (SIGCHLD) received from 25
2022/02/23 18:43:30 [notice] 1#1: worker process 23 exited with code 0
2022/02/23 18:43:30 [notice] 1#1: exit
2022/02/23 18:43:32 [notice] 1#1: using the "epoll" event method
2022/02/23 18:43:32 [notice] 1#1: nginx/1.21.6
2022/02/23 18:43:32 [notice] 1#1: built by gcc 10.2.1 20210110 (Debian 10.2.1-6) 
2022/02/23 18:43:32 [notice] 1#1: OS: Linux 5.11.0-46-generic
2022/02/23 18:43:32 [notice] 1#1: getrlimit(RLIMIT_NOFILE): 1048576:1048576
2022/02/23 18:43:32 [notice] 1#1: start worker processes
2022/02/23 18:43:32 [notice] 1#1: start worker process 22
2022/02/23 18:43:32 [notice] 1#1: start worker process 23
2022/02/23 18:43:32 [notice] 1#1: start worker process 24
2022/02/23 18:43:32 [notice] 1#1: start worker process 25
2022/02/23 18:43:32 [notice] 1#1: start worker process 26
2022/02/23 18:43:32 [notice] 1#1: start worker process 27
2022/02/23 18:43:32 [notice] 1#1: start worker process 28
2022/02/23 18:43:32 [notice] 1#1: start worker process 29
2022/02/24 04:18:28 [notice] 1#1: using the "epoll" event method
2022/02/24 04:18:28 [notice] 1#1: nginx/1.21.6
2022/02/24 04:18:28 [notice] 1#1: built by gcc 10.2.1 20210110 (Debian 10.2.1-6) 
2022/02/24 04:18:28 [notice] 1#1: OS: Linux 5.11.0-46-generic
2022/02/24 04:18:28 [notice] 1#1: getrlimit(RLIMIT_NOFILE): 1048576:1048576
2022/02/24 04:18:28 [notice] 1#1: start worker processes
2022/02/24 04:18:28 [notice] 1#1: start worker process 22
2022/02/24 04:18:28 [notice] 1#1: start worker process 23
2022/02/24 04:18:28 [notice] 1#1: start worker process 24
2022/02/24 04:18:28 [notice] 1#1: start worker process 25
2022/02/24 04:18:28 [notice] 1#1: start worker process 26
2022/02/24 04:18:28 [notice] 1#1: start worker process 27
2022/02/24 04:18:28 [notice] 1#1: start worker process 28
2022/02/24 04:18:28 [notice] 1#1: start worker process 29
2022/02/24 04:44:26 [notice] 1#1: signal 3 (SIGQUIT) received, shutting down
2022/02/24 04:44:26 [notice] 22#22: gracefully shutting down
2022/02/24 04:44:26 [notice] 22#22: exiting
2022/02/24 04:44:26 [notice] 22#22: exit
2022/02/24 04:44:26 [notice] 23#23: gracefully shutting down
2022/02/24 04:44:26 [notice] 25#25: gracefully shutting down
2022/02/24 04:44:26 [notice] 24#24: gracefully shutting down
2022/02/24 04:44:26 [notice] 26#26: gracefully shutting down
2022/02/24 04:44:26 [notice] 27#27: gracefully shutting down
2022/02/24 04:44:26 [notice] 23#23: exiting
2022/02/24 04:44:26 [notice] 25#25: exiting
2022/02/24 04:44:26 [notice] 24#24: exiting
2022/02/24 04:44:26 [notice] 26#26: exiting
2022/02/24 04:44:26 [notice] 24#24: exit
2022/02/24 04:44:26 [notice] 23#23: exit
2022/02/24 04:44:26 [notice] 25#25: exit
2022/02/24 04:44:26 [notice] 27#27: exiting
2022/02/24 04:44:26 [notice] 26#26: exit
2022/02/24 04:44:26 [notice] 27#27: exit
2022/02/24 04:44:26 [notice] 28#28: gracefully shutting down
2022/02/24 04:44:26 [notice] 28#28: exiting
2022/02/24 04:44:26 [notice] 28#28: exit
2022/02/24 04:44:26 [notice] 29#29: gracefully shutting down
2022/02/24 04:44:26 [notice] 29#29: exiting
2022/02/24 04:44:26 [notice] 29#29: exit
2022/02/24 04:44:26 [notice] 1#1: signal 17 (SIGCHLD) received from 25
2022/02/24 04:44:26 [notice] 1#1: worker process 25 exited with code 0
2022/02/24 04:44:26 [notice] 1#1: signal 29 (SIGIO) received
2022/02/24 04:44:26 [notice] 1#1: signal 17 (SIGCHLD) received from 27
2022/02/24 04:44:26 [notice] 1#1: worker process 22 exited with code 0
2022/02/24 04:44:26 [notice] 1#1: worker process 24 exited with code 0
2022/02/24 04:44:26 [notice] 1#1: worker process 26 exited with code 0
2022/02/24 04:44:26 [notice] 1#1: worker process 27 exited with code 0
2022/02/24 04:44:26 [notice] 1#1: worker process 28 exited with code 0
2022/02/24 04:44:26 [notice] 1#1: worker process 29 exited with code 0
2022/02/24 04:44:26 [notice] 1#1: signal 29 (SIGIO) received
2022/02/24 04:44:26 [notice] 1#1: signal 17 (SIGCHLD) received from 26
2022/02/24 04:44:26 [notice] 1#1: signal 17 (SIGCHLD) received from 23
2022/02/24 04:44:26 [notice] 1#1: worker process 23 exited with code 0
2022/02/24 04:44:26 [notice] 1#1: exit
2022/02/24 04:44:27 [notice] 1#1: using the "epoll" event method
2022/02/24 04:44:27 [notice] 1#1: nginx/1.21.6
2022/02/24 04:44:27 [notice] 1#1: built by gcc 10.2.1 20210110 (Debian 10.2.1-6) 
2022/02/24 04:44:27 [notice] 1#1: OS: Linux 5.11.0-46-generic
2022/02/24 04:44:27 [notice] 1#1: getrlimit(RLIMIT_NOFILE): 1048576:1048576
2022/02/24 04:44:27 [notice] 1#1: start worker processes
2022/02/24 04:44:27 [notice] 1#1: start worker process 22
2022/02/24 04:44:27 [notice] 1#1: start worker process 23
2022/02/24 04:44:27 [notice] 1#1: start worker process 24
2022/02/24 04:44:27 [notice] 1#1: start worker process 25
2022/02/24 04:44:27 [notice] 1#1: start worker process 26
2022/02/24 04:44:27 [notice] 1#1: start worker process 27
2022/02/24 04:44:27 [notice] 1#1: start worker process 28
2022/02/24 04:44:27 [notice] 1#1: start worker process 29
2022/02/24 04:44:34 [notice] 1#1: signal 3 (SIGQUIT) received, shutting down
2022/02/24 04:44:34 [notice] 22#22: gracefully shutting down
2022/02/24 04:44:34 [notice] 23#23: gracefully shutting down
2022/02/24 04:44:34 [notice] 24#24: gracefully shutting down
2022/02/24 04:44:34 [notice] 25#25: gracefully shutting down
2022/02/24 04:44:34 [notice] 22#22: exiting
2022/02/24 04:44:34 [notice] 26#26: gracefully shutting down
2022/02/24 04:44:34 [notice] 27#27: gracefully shutting down
2022/02/24 04:44:34 [notice] 23#23: exiting
2022/02/24 04:44:34 [notice] 24#24: exiting
2022/02/24 04:44:34 [notice] 25#25: exiting
2022/02/24 04:44:34 [notice] 26#26: exiting
2022/02/24 04:44:34 [notice] 27#27: exiting
2022/02/24 04:44:34 [notice] 22#22: exit
2022/02/24 04:44:34 [notice] 25#25: exit
2022/02/24 04:44:34 [notice] 23#23: exit
2022/02/24 04:44:34 [notice] 24#24: exit
2022/02/24 04:44:34 [notice] 26#26: exit
2022/02/24 04:44:34 [notice] 27#27: exit
2022/02/24 04:44:34 [notice] 28#28: gracefully shutting down
2022/02/24 04:44:34 [notice] 28#28: exiting
2022/02/24 04:44:34 [notice] 28#28: exit
2022/02/24 04:44:34 [notice] 29#29: gracefully shutting down
2022/02/24 04:44:34 [notice] 29#29: exiting
2022/02/24 04:44:34 [notice] 29#29: exit
2022/02/24 04:44:34 [notice] 1#1: signal 17 (SIGCHLD) received from 25
2022/02/24 04:44:34 [notice] 1#1: worker process 25 exited with code 0
2022/02/24 04:44:34 [notice] 1#1: worker process 26 exited with code 0
2022/02/24 04:44:34 [notice] 1#1: signal 29 (SIGIO) received
2022/02/24 04:44:34 [notice] 1#1: signal 17 (SIGCHLD) received from 28
2022/02/24 04:44:34 [notice] 1#1: worker process 28 exited with code 0
2022/02/24 04:44:34 [notice] 1#1: signal 29 (SIGIO) received
2022/02/24 04:44:34 [notice] 1#1: signal 17 (SIGCHLD) received from 29
2022/02/24 04:44:34 [notice] 1#1: worker process 29 exited with code 0
2022/02/24 04:44:34 [notice] 1#1: signal 29 (SIGIO) received
2022/02/24 04:44:34 [notice] 1#1: signal 17 (SIGCHLD) received from 27
2022/02/24 04:44:34 [notice] 1#1: worker process 27 exited with code 0
2022/02/24 04:44:34 [notice] 1#1: signal 29 (SIGIO) received
2022/02/24 04:44:34 [notice] 1#1: signal 17 (SIGCHLD) received from 22
2022/02/24 04:44:34 [notice] 1#1: worker process 22 exited with code 0
2022/02/24 04:44:34 [notice] 1#1: worker process 24 exited with code 0
2022/02/24 04:44:34 [notice] 1#1: signal 29 (SIGIO) received
2022/02/24 04:44:34 [notice] 1#1: signal 17 (SIGCHLD) received from 24
2022/02/24 04:44:34 [notice] 1#1: signal 17 (SIGCHLD) received from 23
2022/02/24 04:44:34 [notice] 1#1: worker process 23 exited with code 0
2022/02/24 04:44:34 [notice] 1#1: exit
2022/02/24 04:44:40 [notice] 1#1: using the "epoll" event method
2022/02/24 04:44:40 [notice] 1#1: nginx/1.21.6
2022/02/24 04:44:40 [notice] 1#1: built by gcc 10.2.1 20210110 (Debian 10.2.1-6) 
2022/02/24 04:44:40 [notice] 1#1: OS: Linux 5.11.0-46-generic
2022/02/24 04:44:40 [notice] 1#1: getrlimit(RLIMIT_NOFILE): 1048576:1048576
2022/02/24 04:44:40 [notice] 1#1: start worker processes
2022/02/24 04:44:40 [notice] 1#1: start worker process 22
2022/02/24 04:44:40 [notice] 1#1: start worker process 23
2022/02/24 04:44:40 [notice] 1#1: start worker process 24
2022/02/24 04:44:40 [notice] 1#1: start worker process 25
2022/02/24 04:44:40 [notice] 1#1: start worker process 26
2022/02/24 04:44:40 [notice] 1#1: start worker process 27
2022/02/24 04:44:40 [notice] 1#1: start worker process 28
2022/02/24 04:44:40 [notice] 1#1: start worker process 29
2022/02/25 04:46:09 [notice] 1#1: using the "epoll" event method
2022/02/25 04:46:09 [notice] 1#1: nginx/1.21.6
2022/02/25 04:46:09 [notice] 1#1: built by gcc 10.2.1 20210110 (Debian 10.2.1-6) 
2022/02/25 04:46:09 [notice] 1#1: OS: Linux 5.11.0-46-generic
2022/02/25 04:46:09 [notice] 1#1: getrlimit(RLIMIT_NOFILE): 1048576:1048576
2022/02/25 04:46:09 [notice] 1#1: start worker processes
2022/02/25 04:46:09 [notice] 1#1: start worker process 22
2022/02/25 04:46:09 [notice] 1#1: start worker process 23
2022/02/25 04:46:09 [notice] 1#1: start worker process 24
2022/02/25 04:46:09 [notice] 1#1: start worker process 25
2022/02/25 04:46:09 [notice] 1#1: start worker process 26
2022/02/25 04:46:09 [notice] 1#1: start worker process 27
2022/02/25 04:46:09 [notice] 1#1: start worker process 28
2022/02/25 04:46:09 [notice] 1#1: start worker process 29
2022/02/25 05:42:30 [notice] 1#1: using the "epoll" event method
2022/02/25 05:42:30 [notice] 1#1: nginx/1.21.6
2022/02/25 05:42:30 [notice] 1#1: built by gcc 10.2.1 20210110 (Debian 10.2.1-6) 
2022/02/25 05:42:30 [notice] 1#1: OS: Linux 5.11.0-46-generic
2022/02/25 05:42:30 [notice] 1#1: getrlimit(RLIMIT_NOFILE): 1048576:1048576
2022/02/25 05:42:30 [notice] 1#1: start worker processes
2022/02/25 05:42:30 [notice] 1#1: start worker process 23
2022/02/25 05:42:30 [notice] 1#1: start worker process 24
2022/02/25 05:42:30 [notice] 1#1: start worker process 25
2022/02/25 05:42:30 [notice] 1#1: start worker process 26
2022/02/25 05:42:30 [notice] 1#1: start worker process 27
2022/02/25 05:42:30 [notice] 1#1: start worker process 28
2022/02/25 05:42:30 [notice] 1#1: start worker process 29
2022/02/25 05:42:30 [notice] 1#1: start worker process 30
2022/02/25 14:52:58 [notice] 1#1: using the "epoll" event method
2022/02/25 14:52:58 [notice] 1#1: nginx/1.21.6
2022/02/25 14:52:58 [notice] 1#1: built by gcc 10.2.1 20210110 (Debian 10.2.1-6) 
2022/02/25 14:52:58 [notice] 1#1: OS: Linux 5.11.0-46-generic
2022/02/25 14:52:58 [notice] 1#1: getrlimit(RLIMIT_NOFILE): 1048576:1048576
2022/02/25 14:52:58 [notice] 1#1: start worker processes
2022/02/25 14:52:58 [notice] 1#1: start worker process 23
2022/02/25 14:52:58 [notice] 1#1: start worker process 24
2022/02/25 14:52:58 [notice] 1#1: start worker process 25
2022/02/25 14:52:58 [notice] 1#1: start worker process 26
2022/02/25 14:52:58 [notice] 1#1: start worker process 27
2022/02/25 14:52:58 [notice] 1#1: start worker process 28
2022/02/25 14:52:58 [notice] 1#1: start worker process 29
2022/02/25 14:52:58 [notice] 1#1: start worker process 30
2022/02/26 09:21:55 [notice] 1#1: using the "epoll" event method
2022/02/26 09:21:55 [notice] 1#1: nginx/1.21.6
2022/02/26 09:21:55 [notice] 1#1: built by gcc 10.2.1 20210110 (Debian 10.2.1-6) 
2022/02/26 09:21:55 [notice] 1#1: OS: Linux 5.11.0-46-generic
2022/02/26 09:21:55 [notice] 1#1: getrlimit(RLIMIT_NOFILE): 1048576:1048576
2022/02/26 09:21:55 [notice] 1#1: start worker processes
2022/02/26 09:21:55 [notice] 1#1: start worker process 24
2022/02/26 09:21:55 [notice] 1#1: start worker process 25
2022/02/26 09:21:55 [notice] 1#1: start worker process 26
2022/02/26 09:21:55 [notice] 1#1: start worker process 27
2022/02/26 09:21:55 [notice] 1#1: start worker process 28
2022/02/26 09:21:55 [notice] 1#1: start worker process 29
2022/02/26 09:21:55 [notice] 1#1: start worker process 30
2022/02/26 09:21:55 [notice] 1#1: start worker process 31
2022/02/26 13:21:53 [notice] 1#1: using the "epoll" event method
2022/02/26 13:21:53 [notice] 1#1: nginx/1.21.6
2022/02/26 13:21:53 [notice] 1#1: built by gcc 10.2.1 20210110 (Debian 10.2.1-6) 
2022/02/26 13:21:53 [notice] 1#1: OS: Linux 5.11.0-46-generic
2022/02/26 13:21:53 [notice] 1#1: getrlimit(RLIMIT_NOFILE): 1048576:1048576
2022/02/26 13:21:53 [notice] 1#1: start worker processes
2022/02/26 13:21:53 [notice] 1#1: start worker process 23
2022/02/26 13:21:53 [notice] 1#1: start worker process 24
2022/02/26 13:21:53 [notice] 1#1: start worker process 25
2022/02/26 13:21:53 [notice] 1#1: start worker process 26
2022/02/26 13:21:53 [notice] 1#1: start worker process 27
2022/02/26 13:21:53 [notice] 1#1: start worker process 28
2022/02/26 13:21:53 [notice] 1#1: start worker process 29
2022/02/26 13:21:53 [notice] 1#1: start worker process 30
2022/02/27 10:07:03 [notice] 1#1: using the "epoll" event method
2022/02/27 10:07:03 [notice] 1#1: nginx/1.21.6
2022/02/27 10:07:03 [notice] 1#1: built by gcc 10.2.1 20210110 (Debian 10.2.1-6) 
2022/02/27 10:07:03 [notice] 1#1: OS: Linux 5.11.0-46-generic
2022/02/27 10:07:03 [notice] 1#1: getrlimit(RLIMIT_NOFILE): 1048576:1048576
2022/02/27 10:07:03 [notice] 1#1: start worker processes
2022/02/27 10:07:03 [notice] 1#1: start worker process 23
2022/02/27 10:07:03 [notice] 1#1: start worker process 24
2022/02/27 10:07:03 [notice] 1#1: start worker process 25
2022/02/27 10:07:03 [notice] 1#1: start worker process 26
2022/02/27 10:07:03 [notice] 1#1: start worker process 27
2022/02/27 10:07:03 [notice] 1#1: start worker process 28
2022/02/27 10:07:03 [notice] 1#1: start worker process 29
2022/02/27 10:07:03 [notice] 1#1: start worker process 30
2022/02/27 17:50:14 [notice] 1#1: using the "epoll" event method
2022/02/27 17:50:14 [notice] 1#1: nginx/1.21.6
2022/02/27 17:50:14 [notice] 1#1: built by gcc 10.2.1 20210110 (Debian 10.2.1-6) 
2022/02/27 17:50:14 [notice] 1#1: OS: Linux 5.11.0-46-generic
2022/02/27 17:50:14 [notice] 1#1: getrlimit(RLIMIT_NOFILE): 1048576:1048576
2022/02/27 17:50:14 [notice] 1#1: start worker processes
2022/02/27 17:50:14 [notice] 1#1: start worker process 22
2022/02/27 17:50:14 [notice] 1#1: start worker process 23
2022/02/27 17:50:14 [notice] 1#1: start worker process 24
2022/02/27 17:50:14 [notice] 1#1: start worker process 25
2022/02/27 17:50:14 [notice] 1#1: start worker process 26
2022/02/27 17:50:14 [notice] 1#1: start worker process 27
2022/02/27 17:50:14 [notice] 1#1: start worker process 28
2022/02/27 17:50:14 [notice] 1#1: start worker process 29
2022/02/28 04:30:33 [notice] 1#1: using the "epoll" event method
2022/02/28 04:30:33 [notice] 1#1: nginx/1.21.6
2022/02/28 04:30:33 [notice] 1#1: built by gcc 10.2.1 20210110 (Debian 10.2.1-6) 
2022/02/28 04:30:33 [notice] 1#1: OS: Linux 5.11.0-46-generic
2022/02/28 04:30:33 [notice] 1#1: getrlimit(RLIMIT_NOFILE): 1048576:1048576
2022/02/28 04:30:33 [notice] 1#1: start worker processes
2022/02/28 04:30:33 [notice] 1#1: start worker process 22
2022/02/28 04:30:33 [notice] 1#1: start worker process 23
2022/02/28 04:30:33 [notice] 1#1: start worker process 24
2022/02/28 04:30:33 [notice] 1#1: start worker process 25
2022/02/28 04:30:33 [notice] 1#1: start worker process 26
2022/02/28 04:30:33 [notice] 1#1: start worker process 27
2022/02/28 04:30:33 [notice] 1#1: start worker process 28
2022/02/28 04:30:33 [notice] 1#1: start worker process 29
2022/02/28 13:14:43 [notice] 1#1: signal 3 (SIGQUIT) received, shutting down
2022/02/28 13:14:43 [notice] 22#22: gracefully shutting down
2022/02/28 13:14:43 [notice] 22#22: exiting
2022/02/28 13:14:43 [notice] 22#22: exit
2022/02/28 13:14:43 [notice] 23#23: gracefully shutting down
2022/02/28 13:14:43 [notice] 25#25: gracefully shutting down
2022/02/28 13:14:43 [notice] 23#23: exiting
2022/02/28 13:14:43 [notice] 25#25: exiting
2022/02/28 13:14:43 [notice] 25#25: exit
2022/02/28 13:14:43 [notice] 23#23: exit
2022/02/28 13:14:43 [notice] 26#26: gracefully shutting down
2022/02/28 13:14:43 [notice] 26#26: exiting
2022/02/28 13:14:43 [notice] 26#26: exit
2022/02/28 13:14:43 [notice] 24#24: gracefully shutting down
2022/02/28 13:14:43 [notice] 24#24: exiting
2022/02/28 13:14:43 [notice] 24#24: exit
2022/02/28 13:14:43 [notice] 27#27: gracefully shutting down
2022/02/28 13:14:43 [notice] 27#27: exiting
2022/02/28 13:14:43 [notice] 27#27: exit
2022/02/28 13:14:43 [notice] 28#28: gracefully shutting down
2022/02/28 13:14:43 [notice] 28#28: exiting
2022/02/28 13:14:43 [notice] 28#28: exit
2022/02/28 13:14:43 [notice] 29#29: gracefully shutting down
2022/02/28 13:14:43 [notice] 29#29: exiting
2022/02/28 13:14:43 [notice] 29#29: exit
2022/02/28 13:14:43 [notice] 1#1: signal 17 (SIGCHLD) received from 26
2022/02/28 13:14:43 [notice] 1#1: worker process 26 exited with code 0
2022/02/28 13:14:43 [notice] 1#1: worker process 27 exited with code 0
2022/02/28 13:14:43 [notice] 1#1: worker process 25 exited with code 0
2022/02/28 13:14:43 [notice] 1#1: worker process 28 exited with code 0
2022/02/28 13:14:43 [notice] 1#1: worker process 22 exited with code 0
2022/02/28 13:14:43 [notice] 1#1: signal 29 (SIGIO) received
2022/02/28 13:14:43 [notice] 1#1: signal 17 (SIGCHLD) received from 27
2022/02/28 13:14:43 [notice] 1#1: worker process 24 exited with code 0
2022/02/28 13:14:43 [notice] 1#1: signal 29 (SIGIO) received
2022/02/28 13:14:43 [notice] 1#1: signal 17 (SIGCHLD) received from 23
2022/02/28 13:14:43 [notice] 1#1: worker process 23 exited with code 0
2022/02/28 13:14:43 [notice] 1#1: signal 29 (SIGIO) received
2022/02/28 13:14:43 [notice] 1#1: signal 17 (SIGCHLD) received from 29
2022/02/28 13:14:43 [notice] 1#1: worker process 29 exited with code 0
2022/02/28 13:14:43 [notice] 1#1: exit
2022/02/28 13:14:45 [notice] 1#1: using the "epoll" event method
2022/02/28 13:14:45 [notice] 1#1: nginx/1.21.6
2022/02/28 13:14:45 [notice] 1#1: built by gcc 10.2.1 20210110 (Debian 10.2.1-6) 
2022/02/28 13:14:45 [notice] 1#1: OS: Linux 5.11.0-46-generic
2022/02/28 13:14:45 [notice] 1#1: getrlimit(RLIMIT_NOFILE): 1048576:1048576
2022/02/28 13:14:45 [notice] 1#1: start worker processes
2022/02/28 13:14:45 [notice] 1#1: start worker process 22
2022/02/28 13:14:45 [notice] 1#1: start worker process 23
2022/02/28 13:14:45 [notice] 1#1: start worker process 24
2022/02/28 13:14:45 [notice] 1#1: start worker process 25
2022/02/28 13:14:45 [notice] 1#1: start worker process 26
2022/02/28 13:14:45 [notice] 1#1: start worker process 27
2022/02/28 13:14:45 [notice] 1#1: start worker process 28
2022/02/28 13:14:45 [notice] 1#1: start worker process 29
2022/02/28 14:42:35 [notice] 1#1: signal 3 (SIGQUIT) received, shutting down
2022/02/28 14:42:35 [notice] 26#26: gracefully shutting down
2022/02/28 14:42:35 [notice] 27#27: gracefully shutting down
2022/02/28 14:42:35 [notice] 25#25: gracefully shutting down
2022/02/28 14:42:35 [notice] 29#29: gracefully shutting down
2022/02/28 14:42:35 [notice] 26#26: exiting
2022/02/28 14:42:35 [notice] 27#27: exiting
2022/02/28 14:42:35 [notice] 25#25: exiting
2022/02/28 14:42:35 [notice] 29#29: exiting
2022/02/28 14:42:35 [notice] 25#25: exit
2022/02/28 14:42:35 [notice] 26#26: exit
2022/02/28 14:42:35 [notice] 27#27: exit
2022/02/28 14:42:35 [notice] 29#29: exit
2022/02/28 14:42:35 [notice] 24#24: gracefully shutting down
2022/02/28 14:42:35 [notice] 24#24: exiting
2022/02/28 14:42:35 [notice] 24#24: exit
2022/02/28 14:42:35 [notice] 28#28: gracefully shutting down
2022/02/28 14:42:35 [notice] 28#28: exiting
2022/02/28 14:42:35 [notice] 28#28: exit
2022/02/28 14:42:35 [notice] 22#22: gracefully shutting down
2022/02/28 14:42:35 [notice] 22#22: exiting
2022/02/28 14:42:35 [notice] 22#22: exit
2022/02/28 14:42:35 [notice] 23#23: gracefully shutting down
2022/02/28 14:42:35 [notice] 23#23: exiting
2022/02/28 14:42:35 [notice] 23#23: exit
2022/02/28 14:42:35 [notice] 1#1: signal 17 (SIGCHLD) received from 24
2022/02/28 14:42:35 [notice] 1#1: worker process 22 exited with code 0
2022/02/28 14:42:35 [notice] 1#1: worker process 24 exited with code 0
2022/02/28 14:42:35 [notice] 1#1: worker process 26 exited with code 0
2022/02/28 14:42:35 [notice] 1#1: worker process 28 exited with code 0
2022/02/28 14:42:35 [notice] 1#1: signal 29 (SIGIO) received
2022/02/28 14:42:35 [notice] 1#1: signal 17 (SIGCHLD) received from 28
2022/02/28 14:42:35 [notice] 1#1: worker process 23 exited with code 0
2022/02/28 14:42:35 [notice] 1#1: signal 29 (SIGIO) received
2022/02/28 14:42:35 [notice] 1#1: signal 17 (SIGCHLD) received from 23
2022/02/28 14:42:35 [notice] 1#1: signal 17 (SIGCHLD) received from 27
2022/02/28 14:42:35 [notice] 1#1: worker process 27 exited with code 0
2022/02/28 14:42:35 [notice] 1#1: signal 29 (SIGIO) received
2022/02/28 14:42:35 [notice] 1#1: signal 17 (SIGCHLD) received from 29
2022/02/28 14:42:35 [notice] 1#1: worker process 29 exited with code 0
2022/02/28 14:42:35 [notice] 1#1: signal 29 (SIGIO) received
2022/02/28 14:42:35 [notice] 1#1: signal 17 (SIGCHLD) received from 25
2022/02/28 14:42:35 [notice] 1#1: worker process 25 exited with code 0
2022/02/28 14:42:35 [notice] 1#1: exit
2022/02/28 14:42:46 [notice] 1#1: using the "epoll" event method
2022/02/28 14:42:46 [notice] 1#1: nginx/1.21.6
2022/02/28 14:42:46 [notice] 1#1: built by gcc 10.2.1 20210110 (Debian 10.2.1-6) 
2022/02/28 14:42:46 [notice] 1#1: OS: Linux 5.11.0-46-generic
2022/02/28 14:42:46 [notice] 1#1: getrlimit(RLIMIT_NOFILE): 1048576:1048576
2022/02/28 14:42:46 [notice] 1#1: start worker processes
2022/02/28 14:42:46 [notice] 1#1: start worker process 22
2022/02/28 14:42:46 [notice] 1#1: start worker process 23
2022/02/28 14:42:46 [notice] 1#1: start worker process 24
2022/02/28 14:42:46 [notice] 1#1: start worker process 25
2022/02/28 14:42:46 [notice] 1#1: start worker process 26
2022/02/28 14:42:46 [notice] 1#1: start worker process 27
2022/02/28 14:42:46 [notice] 1#1: start worker process 28
2022/02/28 14:42:46 [notice] 1#1: start worker process 29
2022/03/01 04:28:10 [notice] 1#1: using the "epoll" event method
2022/03/01 04:28:10 [notice] 1#1: nginx/1.21.6
2022/03/01 04:28:10 [notice] 1#1: built by gcc 10.2.1 20210110 (Debian 10.2.1-6) 
2022/03/01 04:28:10 [notice] 1#1: OS: Linux 5.11.0-46-generic
2022/03/01 04:28:10 [notice] 1#1: getrlimit(RLIMIT_NOFILE): 1048576:1048576
2022/03/01 04:28:10 [notice] 1#1: start worker processes
2022/03/01 04:28:10 [notice] 1#1: start worker process 23
2022/03/01 04:28:10 [notice] 1#1: start worker process 24
2022/03/01 04:28:10 [notice] 1#1: start worker process 25
2022/03/01 04:28:10 [notice] 1#1: start worker process 26
2022/03/01 04:28:10 [notice] 1#1: start worker process 27
2022/03/01 04:28:10 [notice] 1#1: start worker process 28
2022/03/01 04:28:10 [notice] 1#1: start worker process 29
2022/03/01 04:28:10 [notice] 1#1: start worker process 30
